0 info it worked if it ends with ok
1 verbose cli [
1 verbose cli   'C:\\Program Files\\nodejs\\node.exe',
1 verbose cli   'C:\\Program Files\\nodejs\\node_modules\\npm\\bin\\npm-cli.js',
1 verbose cli   'start'
1 verbose cli ]
2 info using npm@6.14.13
3 info using node@v14.17.0
4 verbose run-script [ 'prestart', 'start', 'poststart' ]
5 info lifecycle fcc-api-projects-boilerplate@0.0.1~prestart: fcc-api-projects-boilerplate@0.0.1
6 info lifecycle fcc-api-projects-boilerplate@0.0.1~start: fcc-api-projects-boilerplate@0.0.1
7 verbose lifecycle fcc-api-projects-boilerplate@0.0.1~start: unsafe-perm in lifecycle true
8 verbose lifecycle fcc-api-projects-boilerplate@0.0.1~start: PATH: C:\Program Files\nodejs\node_modules\npm\node_modules\npm-lifecycle\node-gyp-bin;C:\Users\Ameer Khan\Documents\Node-apps\boilerplate-project-timestamp\node_modules\.bin;C:\Program Files\Git\mingw64\bin;C:\Program Files\Git\usr\bin;C:\Users\Ameer Khan\bin;C:\Users\Ameer Khan\bin;C:\Program Files\Git\mingw64\bin;C:\Program Files\Git\usr\local\bin;C:\Program Files\Git\usr\bin;C:\Program Files\Git\usr\bin;C:\Program Files\Git\mingw64\bin;C:\Program Files\Git\usr\bin;C:\Users\Ameer Khan\bin;C:\Python39\Scripts;C:\Python39;C:\Program Files (x86)\Razer\ChromaBroadcast\bin;C:\Program Files\Razer\ChromaBroadcast\bin;C:\Program Files (x86)\Intel\iCLS Client;C:\Program Files\Intel\iCLS Client;C:\WINDOWS\system32;C:\WINDOWS;C:\WINDOWS\System32\Wbem;C:\WINDOWS\System32\WindowsPowerShell\v1.0;C:\Program Files (x86)\ATI Technologies\ATI.ACE\Core-Static;C:\WINDOWS\System32\OpenSSH;C:\Program Files (x86)\Intel\Intel(R) Management Engine Components\DAL;C:\Program Files\Intel\Intel(R) Management Engine Components\DAL;C:\Program Files (x86)\Intel\Intel(R) Management Engine Components\IPT;C:\Program Files\Intel\Intel(R) Management Engine Components\IPT;C:\Program Files\Microsoft VS Code\bin;C:\Program Files\Git\cmd;C:\Program Files\Intel\WiFi\bin;C:\Program Files\Common Files\Intel\WirelessCommon;C:\xampp\php;C:\ProgramData\chocolatey\bin;C:\Users\Ameer Khan\AppData\Local\Programs\Python\Python38-32;C:\Users\Ameer Khan\AppData\Local\Programs\Python\Python38-32\Scripts;C:\Program Files (x86)\Brackets\command;C:\WINDOWS\system32\config\systemprofile\AppData\Local\Microsoft\WindowsApps;C:\Program Files\Amazon\AWSCLI;C:\Program Files\Docker\Docker\resources\bin;C:\ProgramData\DockerDesktop\version-bin;C:\Program Files\terraform;C:\Program Files\nodejs;C:\Users\Ameer Khan\AppData\Local\Microsoft\WindowsApps;C:\Program Files\Intel\WiFi\bin;C:\Program Files\Common Files\Intel\WirelessCommon;A:\src\flutter\bin;C:\Users\Ameer Khan\AppData\Local\Microsoft\WindowsApps;C:\Program Files\heroku\bin;C:\Users\Ameer Khan\AppData\Roaming\npm;C:\Program Files\Git\usr\bin\vendor_perl;C:\Program Files\Git\usr\bin\core_perl
9 verbose lifecycle fcc-api-projects-boilerplate@0.0.1~start: CWD: C:\Users\Ameer Khan\Documents\Node-apps\boilerplate-project-timestamp
10 silly lifecycle fcc-api-projects-boilerplate@0.0.1~start: Args: [ '/d /s /c', 'node server.js' ]
11 silly lifecycle fcc-api-projects-boilerplate@0.0.1~start: Returned: code: 1  signal: null
12 info lifecycle fcc-api-projects-boilerplate@0.0.1~start: Failed to exec start script
13 verbose stack Error: fcc-api-projects-boilerplate@0.0.1 start: `node server.js`
13 verbose stack Exit status 1
13 verbose stack     at EventEmitter.<anonymous> (C:\Program Files\nodejs\node_modules\npm\node_modules\npm-lifecycle\index.js:332:16)
13 verbose stack     at EventEmitter.emit (events.js:376:20)
13 verbose stack     at ChildProcess.<anonymous> (C:\Program Files\nodejs\node_modules\npm\node_modules\npm-lifecycle\lib\spawn.js:55:14)
13 verbose stack     at ChildProcess.emit (events.js:376:20)
13 verbose stack     at maybeClose (internal/child_process.js:1055:16)
13 verbose stack     at Process.ChildProcess._handle.onexit (internal/child_process.js:288:5)
14 verbose pkgid fcc-api-projects-boilerplate@0.0.1
15 verbose cwd C:\Users\Ameer Khan\Documents\Node-apps\boilerplate-project-timestamp
16 verbose Windows_NT 10.0.19042
17 verbose argv "C:\\Program Files\\nodejs\\node.exe" "C:\\Program Files\\nodejs\\node_modules\\npm\\bin\\npm-cli.js" "start"
18 verbose node v14.17.0
19 verbose npm  v6.14.13
20 error code ELIFECYCLE
21 error errno 1
22 error fcc-api-projects-boilerplate@0.0.1 start: `node server.js`
22 error Exit status 1
23 error Failed at the fcc-api-projects-boilerplate@0.0.1 start script.
23 error This is probably not a problem with npm. There is likely additional logging output above.
24 verbose exit [ 1, true ]
